<?xml version="1.0" encoding="UTF-8"?>
<beans xmlns="http://www.springframework.org/schema/beans"
       xmlns:xsi="http://www.w3.org/2001/XMLSchema-instance"
       xmlns:jdbc="http://www.springframework.org/schema/jdbc"
       xsi:schemaLocation="http://www.springframework.org/schema/beans
              http://www.springframework.org/schema/beans/spring-beans-3.0.xsd
              http://www.springframework.org/schema/jdbc
              http://www.springframework.org/schema/jdbc/spring-jdbc-3.0.xsd">

    <!-- Here would be test database configuration -->

    <!-- Creates an in-memory database populated with test data for fast testing -->
    <jdbc:embedded-database id="dataSource">
        <jdbc:script location="/testdb/schema.sql"/>
        <jdbc:script location="/testdb/test-data.sql"/>
    </jdbc:embedded-database>

</beans>